TN:
SF:c:\ttu\automaattestimine\course-testing-project\app.js
FN:12,getDataFromApi
FN:23,readCitiesFromFile
FN:36,getCurrentWeatherOfTheCity
FN:53,getWeatherForecastOfTheCity
FN:85,getOneDayAverageWeatherOfTheCity
FN:103,convertCoordinateOfTheCity
FN:116,saveDataToJsonFile
FNF:7
FNH:2
FNDA:0,getDataFromApi
FNDA:2,readCitiesFromFile
FNDA:2,getCurrentWeatherOfTheCity
FNDA:0,getWeatherForecastOfTheCity
FNDA:0,getOneDayAverageWeatherOfTheCity
FNDA:0,convertCoordinateOfTheCity
FNDA:0,saveDataToJsonFile
DA:122,1
LF:1
LH:1
BRF:0
BRH:0
end_of_record
TN:
SF:c:\ttu\automaattestimine\course-testing-project\index.js
FN:8,getDataFromApi
FN:10,(anonymous_1)
FN:11,(anonymous_2)
FN:14,(anonymous_3)
FN:19,(anonymous_4)
FNF:5
FNH:0
FNDA:0,getDataFromApi
FNDA:0,(anonymous_1)
FNDA:0,(anonymous_2)
FNDA:0,(anonymous_3)
FNDA:0,(anonymous_4)
DA:1,0
DA:2,0
DA:5,0
DA:6,0
DA:9,0
DA:10,0
DA:12,0
DA:19,0
DA:20,0
LF:9
LH:0
BRF:0
BRH:0
end_of_record
